<?xml version="1.0" encoding="UTF-8"?>
<!-- Generated by org.testng.reporters.JUnitReportReporter -->
<testsuite skipped="0" hostname="Suresh" name="testSuites.TestSuites" tests="1" failures="0" timestamp="31 Jan 2019 06:51:13 GMT" time="5.831" errors="0">
  <testcase name="myTest" time="5.831" classname="testSuites.TestSuites"/>
</testsuite> <!-- testSuites.TestSuites -->
